#
# A fatal error has been detected by the Java Runtime Environment:
#
#  EXCEPTION_ACCESS_VIOLATION (0xc0000005) at pc=0x0000000000000000, pid=18860, tid=35244
#
# JRE version: Java(TM) SE Runtime Environment (19.0.2+7) (build 19.0.2+7-44)
# Java VM: Java HotSpot(TM) 64-Bit Server VM (19.0.2+7-44, mixed mode, sharing, tiered, compressed oops, compressed class ptrs, g1 gc, windows-amd64)
# Problematic frame:
# C  0x0000000000000000
#
# No core dump will be written. Minidumps are not enabled by default on client versions of Windows
#
# If you would like to submit a bug report, please visit:
#   https://bugreport.java.com/bugreport/crash.jsp
# The crash happened outside the Java Virtual Machine in native code.
# See problematic frame for where to report the bug.
#

---------------  S U M M A R Y ------------

Command Line: -agentlib:jdwp=transport=dt_socket,server=n,suspend=y,address=127.0.0.1:64850 -Dfile.encoding=windows-1252 -Duser.country=US -Duser.language=en -Duser.variant Main

Host: AMD Ryzen 5 4600H with Radeon Graphics         , 12 cores, 15G,  Windows 11 , 64 bit Build 22621 (10.0.22621.1344)
Time: Sun Apr  9 15:35:00 2023 Central Europe Summer Time elapsed time: 1.186977 seconds (0d 0h 0m 1s)

---------------  T H R E A D  ---------------

Current thread (0x0000013b17280cf0):  JavaThread "main" [_thread_in_native, id=35244, stack(0x00000003a8400000,0x00000003a8500000)]

Stack: [0x00000003a8400000,0x00000003a8500000],  sp=0x00000003a84fec38,  free space=1019k
Native frames: (J=compiled Java code, j=interpreted, Vv=VM code, C=native code)

Java frames: (J=compiled Java code, j=interpreted, Vv=VM code)
j  org.lwjgl.opengl.GL11.glEnable(I)V+1
j  jade.Window.init()V+275
j  jade.Window.run()V+15
j  Main.main([Ljava/lang/String;)V+5
v  ~StubRoutines::call_stub 0x0000013b2671100e

siginfo: EXCEPTION_ACCESS_VIOLATION (0xc0000005), data execution prevention violation at address 0x0000000000000000


Registers:
RAX=0x0000013b40abcbf0, RBX=0x0000013b150d7b70, RCX=0x0000013b17280fd0, RDX=0x0000013b150d7b70
RSP=0x00000003a84fec38, RBP=0x0000000000000002, RSI=0x00000003a84fece0, RDI=0x0000013b17280fd0
R8 =0x0000000000010002, R9 =0x0000000000000000, R10=0x00007ffbe67c0000, R11=0x00000003a84fec08
R12=0x0000000000000007, R13=0x0000013b1726b670, R14=0x00007ffbef560300, R15=0x0000000000000000
RIP=0x0000000000000000, EFLAGS=0x0000000000010206


Register to memory mapping:

RIP=0x0 is NULL
RAX=0x0000013b40abcbf0 points into unknown readable memory: 0x0000000000000000 | 00 00 00 00 00 00 00 00
RBX=0x0000013b150d7b70 points into unknown readable memory: 0x0000000718a0a4b0 | b0 a4 a0 18 07 00 00 00
RCX=0x0000013b17280fd0 points into unknown readable memory: 0x0000013b40abcbf0 | f0 cb ab 40 3b 01 00 00
RDX=0x0000013b150d7b70 points into unknown readable memory: 0x0000000718a0a4b0 | b0 a4 a0 18 07 00 00 00
RSP=0x00000003a84fec38 is pointing into the stack for thread: 0x0000013b17280cf0
RBP=0x0000000000000002 is an unknown value
RSI=0x00000003a84fece0 is pointing into the stack for thread: 0x0000013b17280cf0
RDI=0x0000013b17280fd0 points into unknown readable memory: 0x0000013b40abcbf0 | f0 cb ab 40 3b 01 00 00
R8 =0x0000000000010002 is an unknown value
R9 =0x0 is NULL
R10=0x00007ffbe67c0000 VCRUNTIME140.dll
R11=0x00000003a84fec08 is pointing into the stack for thread: 0x0000013b17280cf0
R12=0x0000000000000007 is an unknown value
R13=0x0000013b1726b670 points into unknown readable memory: 0x00007ffbb9e38ff0 | f0 8f e3 b9 fb 7f 00 00
R14=0x00007ffbef560300 jdwp.dll
R15=0x0 is NULL


Top of Stack: (sp=0x00000003a84fec38)
0x00000003a84fec38:   00007ffbef545bd1 0000013b150d7b70
0x00000003a84fec48:   00000003a84fece0 0000000000000000
0x00000003a84fec58:   0000000000000000 00007ffbb9e1ecd0
0x00000003a84fec68:   00000000000089ac 0000013b150d7b70
0x00000003a84fec78:   00007ffbef560328 0000000000000000
0x00000003a84fec88:   00007ffbef54272f 0000013b150d7b70
0x00000003a84fec98:   0000000000000002 0000013b17280fd0
0x00000003a84feca8:   0000013b150d7b78 0000000540be0100
0x00000003a84fecb8:   00007ffbb956689f 0000000000000000
0x00000003a84fecc8:   00007ffbb9a210f0 00000003a84fed30
0x00000003a84fecd8:   00007ffbb956a2c6 0000000000000007
0x00000003a84fece8:   0000013b150d7b70 0000000000000000
0x00000003a84fecf8:   0000013b150d7b78 0000000000000000
0x00000003a84fed08:   0000000000000000 0000000000000000
0x00000003a84fed18:   0000000000000000 0000000000000000
0x00000003a84fed28:   0000000000000000 0000000000000000 

Instructions: (pc=0x0000000000000000)
0xffffffffffffff00:   


Stack slot to memory mapping:
stack at sp + 0 slots: 0x00007ffbef545bd1 jdwp.dll
stack at sp + 1 slots: 0x0000013b150d7b70 points into unknown readable memory: 0x0000000718a0a4b0 | b0 a4 a0 18 07 00 00 00
stack at sp + 2 slots: 0x00000003a84fece0 is pointing into the stack for thread: 0x0000013b17280cf0
stack at sp + 3 slots: 0x0 is NULL
stack at sp + 4 slots: 0x0 is NULL
stack at sp + 5 slots: 0x00007ffbb9e1ecd0 jvm.dll
stack at sp + 6 slots: 0x00000000000089ac is an unknown value
stack at sp + 7 slots: 0x0000013b150d7b70 points into unknown readable memory: 0x0000000718a0a4b0 | b0 a4 a0 18 07 00 00 00


---------------  P R O C E S S  ---------------

Threads class SMR info:
_java_thread_list=0x0000013b40f5e930, length=16, elements={
0x0000013b17280cf0, 0x0000013b3a6306e0, 0x0000013b3a635030, 0x0000013b3a635960,
0x0000013b3a6382a0, 0x0000013b3a63cbe0, 0x0000013b3a641b40, 0x0000013b3a663530,
0x0000013b3a6675b0, 0x0000013b3e808090, 0x0000013b3e94b840, 0x0000013b3e9545f0,
0x0000013b3e956b50, 0x0000013b3e967340, 0x0000013b3e965e00, 0x0000013b4089da50
}

Java Threads: ( => current thread )
=>0x0000013b17280cf0 JavaThread "main" [_thread_in_native, id=35244, stack(0x00000003a8400000,0x00000003a8500000)]
  0x0000013b3a6306e0 JavaThread "Reference Handler" daemon [_thread_blocked, id=13204, stack(0x00000003a8b00000,0x00000003a8c00000)]
  0x0000013b3a635030 JavaThread "Finalizer" daemon [_thread_blocked, id=26636, stack(0x00000003a8c00000,0x00000003a8d00000)]
  0x0000013b3a635960 JavaThread "Signal Dispatcher" daemon [_thread_blocked, id=24776, stack(0x00000003a8d00000,0x00000003a8e00000)]
  0x0000013b3a6382a0 JavaThread "Attach Listener" daemon [_thread_blocked, id=4924, stack(0x00000003a8e00000,0x00000003a8f00000)]
  0x0000013b3a63cbe0 JavaThread "Service Thread" daemon [_thread_blocked, id=9068, stack(0x00000003a8f00000,0x00000003a9000000)]
  0x0000013b3a641b40 JavaThread "Monitor Deflation Thread" daemon [_thread_blocked, id=17716, stack(0x00000003a9000000,0x00000003a9100000)]
  0x0000013b3a663530 JavaThread "C2 CompilerThread0" daemon [_thread_blocked, id=32276, stack(0x00000003a9100000,0x00000003a9200000)]
  0x0000013b3a6675b0 JavaThread "C1 CompilerThread0" daemon [_thread_blocked, id=23924, stack(0x00000003a9200000,0x00000003a9300000)]
  0x0000013b3e808090 JavaThread "Sweeper thread" daemon [_thread_blocked, id=4076, stack(0x00000003a9300000,0x00000003a9400000)]
  0x0000013b3e94b840 JavaThread "JDWP Transport Listener: dt_socket" daemon [_thread_blocked, id=5068, stack(0x00000003a9400000,0x00000003a9500000)]
  0x0000013b3e9545f0 JavaThread "JDWP Event Helper Thread" daemon [_thread_blocked, id=29560, stack(0x00000003a9500000,0x00000003a9600000)]
  0x0000013b3e956b50 JavaThread "JDWP Command Reader" daemon [_thread_in_native, id=18272, stack(0x00000003a9600000,0x00000003a9700000)]
  0x0000013b3e967340 JavaThread "Notification Thread" daemon [_thread_blocked, id=1828, stack(0x00000003a9700000,0x00000003a9800000)]
  0x0000013b3e965e00 JavaThread "Common-Cleaner" daemon [_thread_blocked, id=15196, stack(0x00000003a9900000,0x00000003a9a00000)]
  0x0000013b4089da50 JavaThread "C2 CompilerThread1" daemon [_thread_blocked, id=29240, stack(0x00000003aa200000,0x00000003aa300000)]

Other Threads:
  0x0000013b3a616770 VMThread "VM Thread" [stack: 0x00000003a8a00000,0x00000003a8b00000] [id=15508]
  0x0000013b3e938fb0 WatcherThread "VM Periodic Task Thread" [stack: 0x00000003a9800000,0x00000003a9900000] [id=6936]
  0x0000013b172eeb40 WorkerThread "GC Thread#0" [stack: 0x00000003a8500000,0x00000003a8600000] [id=10312]
  0x0000013b172ff1c0 ConcurrentGCThread "G1 Main Marker" [stack: 0x00000003a8600000,0x00000003a8700000] [id=28872]
  0x0000013b17301b50 WorkerThread "G1 Conc#0" [stack: 0x00000003a8700000,0x00000003a8800000] [id=35668]
  0x0000013b3a4cf590 ConcurrentGCThread "G1 Refine#0" [stack: 0x00000003a8800000,0x00000003a8900000] [id=29796]
  0x0000013b3a4d0d90 ConcurrentGCThread "G1 Service" [stack: 0x00000003a8900000,0x00000003a8a00000] [id=9180]

Threads with active compile tasks:

VM state: not at safepoint (normal execution)

VM Mutex/Monitor currently owned by a thread: None

Heap address: 0x0000000709400000, size: 3948 MB, Compressed Oops mode: Zero based, Oop shift amount: 3

CDS archive(s) mapped at: [0x0000000800000000-0x0000000800c40000-0x0000000800c40000), size 12845056, SharedBaseAddress: 0x0000000800000000, ArchiveRelocationMode: 0.
Compressed class space mapped at: 0x0000000801000000-0x0000000841000000, reserved size: 1073741824
Narrow klass base: 0x0000000800000000, Narrow klass shift: 0, Narrow klass range: 0x100000000

GC Precious Log:
 CardTable entry size: 512
 Card Set container configuration: InlinePtr #cards 4 size 8 Array Of Cards #cards 16 size 48 Howl #buckets 8 coarsen threshold 3686 Howl Bitmap #cards 512 size 80 coarsen threshold 460 Card regions per heap region 1 cards per card region 4096
 CPUs: 12 total, 12 available
 Memory: 15791M
 Large Page Support: Disabled
 NUMA Support: Disabled
 Compressed Oops: Enabled (Zero based)
 Heap Region Size: 2M
 Heap Min Capacity: 8M
 Heap Initial Capacity: 248M
 Heap Max Capacity: 3948M
 Pre-touch: Disabled
 Parallel Workers: 10
 Concurrent Workers: 3
 Concurrent Refinement Workers: 10
 Periodic GC: Disabled

Heap:
 garbage-first heap   total 253952K, used 16384K [0x0000000709400000, 0x0000000800000000)
  region size 2048K, 9 young (18432K), 0 survivors (0K)
 Metaspace       used 5741K, committed 5952K, reserved 1114112K
  class space    used 265K, committed 384K, reserved 1048576K

Heap Regions: E=young(eden), S=young(survivor), O=old, HS=humongous(starts), HC=humongous(continues), CS=collection set, F=free, OA=open archive, CA=closed archive, TAMS=top-at-mark-start (previous, next)
|   0|0x0000000709400000, 0x0000000709400000, 0x0000000709600000|  0%| F|  |TAMS 0x0000000709400000, 0x0000000709400000| Untracked 
|   1|0x0000000709600000, 0x0000000709600000, 0x0000000709800000|  0%| F|  |TAMS 0x0000000709600000, 0x0000000709600000| Untracked 
|   2|0x0000000709800000, 0x0000000709800000, 0x0000000709a00000|  0%| F|  |TAMS 0x0000000709800000, 0x0000000709800000| Untracked 
|   3|0x0000000709a00000, 0x0000000709a00000, 0x0000000709c00000|  0%| F|  |TAMS 0x0000000709a00000, 0x0000000709a00000| Untracked 
|   4|0x0000000709c00000, 0x0000000709c00000, 0x0000000709e00000|  0%| F|  |TAMS 0x0000000709c00000, 0x0000000709c00000| Untracked 
|   5|0x0000000709e00000, 0x0000000709e00000, 0x000000070a000000|  0%| F|  |TAMS 0x0000000709e00000, 0x0000000709e00000| Untracked 
|   6|0x000000070a000000, 0x000000070a000000, 0x000000070a200000|  0%| F|  |TAMS 0x000000070a000000, 0x000000070a000000| Untracked 
|   7|0x000000070a200000, 0x000000070a200000, 0x000000070a400000|  0%| F|  |TAMS 0x000000070a200000, 0x000000070a200000| Untracked 
|   8|0x000000070a400000, 0x000000070a400000, 0x000000070a600000|  0%| F|  |TAMS 0x000000070a400000, 0x000000070a400000| Untracked 
|   9|0x000000070a600000, 0x000000070a600000, 0x000000070a800000|  0%| F|  |TAMS 0x000000070a600000, 0x000000070a600000| Untracked 
|  10|0x000000070a800000, 0x000000070a800000, 0x000000070aa00000|  0%| F|  |TAMS 0x000000070a800000, 0x000000070a800000| Untracked 
|  11|0x000000070aa00000, 0x000000070aa00000, 0x000000070ac00000|  0%| F|  |TAMS 0x000000070aa00000, 0x000000070aa00000| Untracked 
|  12|0x000000070ac00000, 0x000000070ac00000, 0x000000070ae00000|  0%| F|  |TAMS 0x000000070ac00000, 0x000000070ac00000| Untracked 
|  13|0x000000070ae00000, 0x000000070ae00000, 0x000000070b000000|  0%| F|  |TAMS 0x000000070ae00000, 0x000000070ae00000| Untracked 
|  14|0x000000070b000000, 0x000000070b000000, 0x000000070b200000|  0%| F|  |TAMS 0x000000070b000000, 0x000000070b000000| Untracked 
|  15|0x000000070b200000, 0x000000070b200000, 0x000000070b400000|  0%| F|  |TAMS 0x000000070b200000, 0x000000070b200000| Untracked 
|  16|0x000000070b400000, 0x000000070b400000, 0x000000070b600000|  0%| F|  |TAMS 0x000000070b400000, 0x000000070b400000| Untracked 
|  17|0x000000070b600000, 0x000000070b600000, 0x000000070b800000|  0%| F|  |TAMS 0x000000070b600000, 0x000000070b600000| Untracked 
|  18|0x000000070b800000, 0x000000070b800000, 0x000000070ba00000|  0%| F|  |TAMS 0x000000070b800000, 0x000000070b800000| Untracked 
|  19|0x000000070ba00000, 0x000000070ba00000, 0x000000070bc00000|  0%| F|  |TAMS 0x000000070ba00000, 0x000000070ba00000| Untracked 
|  20|0x000000070bc00000, 0x000000070bc00000, 0x000000070be00000|  0%| F|  |TAMS 0x000000070bc00000, 0x000000070bc00000| Untracked 
|  21|0x000000070be00000, 0x000000070be00000, 0x000000070c000000|  0%| F|  |TAMS 0x000000070be00000, 0x000000070be00000| Untracked 
|  22|0x000000070c000000, 0x000000070c000000, 0x000000070c200000|  0%| F|  |TAMS 0x000000070c000000, 0x000000070c000000| Untracked 
|  23|0x000000070c200000, 0x000000070c200000, 0x000000070c400000|  0%| F|  |TAMS 0x000000070c200000, 0x000000070c200000| Untracked 
|  24|0x000000070c400000, 0x000000070c400000, 0x000000070c600000|  0%| F|  |TAMS 0x000000070c400000, 0x000000070c400000| Untracked 
|  25|0x000000070c600000, 0x000000070c600000, 0x000000070c800000|  0%| F|  |TAMS 0x000000070c600000, 0x000000070c600000| Untracked 
|  26|0x000000070c800000, 0x000000070c800000, 0x000000070ca00000|  0%| F|  |TAMS 0x000000070c800000, 0x000000070c800000| Untracked 
|  27|0x000000070ca00000, 0x000000070ca00000, 0x000000070cc00000|  0%| F|  |TAMS 0x000000070ca00000, 0x000000070ca00000| Untracked 
|  28|0x000000070cc00000, 0x000000070cc00000, 0x000000070ce00000|  0%| F|  |TAMS 0x000000070cc00000, 0x000000070cc00000| Untracked 
|  29|0x000000070ce00000, 0x000000070ce00000, 0x000000070d000000|  0%| F|  |TAMS 0x000000070ce00000, 0x000000070ce00000| Untracked 
|  30|0x000000070d000000, 0x000000070d000000, 0x000000070d200000|  0%| F|  |TAMS 0x000000070d000000, 0x000000070d000000| Untracked 
|  31|0x000000070d200000, 0x000000070d200000, 0x000000070d400000|  0%| F|  |TAMS 0x000000070d200000, 0x000000070d200000| Untracked 
|  32|0x000000070d400000, 0x000000070d400000, 0x000000070d600000|  0%| F|  |TAMS 0x000000070d400000, 0x000000070d400000| Untracked 
|  33|0x000000070d600000, 0x000000070d600000, 0x000000070d800000|  0%| F|  |TAMS 0x000000070d600000, 0x000000070d600000| Untracked 
|  34|0x000000070d800000, 0x000000070d800000, 0x000000070da00000|  0%| F|  |TAMS 0x000000070d800000, 0x000000070d800000| Untracked 
|  35|0x000000070da00000, 0x000000070da00000, 0x000000070dc00000|  0%| F|  |TAMS 0x000000070da00000, 0x000000070da00000| Untracked 
|  36|0x000000070dc00000, 0x000000070dc00000, 0x000000070de00000|  0%| F|  |TAMS 0x000000070dc00000, 0x000000070dc00000| Untracked 
|  37|0x000000070de00000, 0x000000070de00000, 0x000000070e000000|  0%| F|  |TAMS 0x000000070de00000, 0x000000070de00000| Untracked 
|  38|0x000000070e000000, 0x000000070e000000, 0x000000070e200000|  0%| F|  |TAMS 0x000000070e000000, 0x000000070e000000| Untracked 
|  39|0x000000070e200000, 0x000000070e200000, 0x000000070e400000|  0%| F|  |TAMS 0x000000070e200000, 0x000000070e200000| Untracked 
|  40|0x000000070e400000, 0x000000070e400000, 0x000000070e600000|  0%| F|  |TAMS 0x000000070e400000, 0x000000070e400000| Untracked 
|  41|0x000000070e600000, 0x000000070e600000, 0x000000070e800000|  0%| F|  |TAMS 0x000000070e600000, 0x000000070e600000| Untracked 
|  42|0x000000070e800000, 0x000000070e800000, 0x000000070ea00000|  0%| F|  |TAMS 0x000000070e800000, 0x000000070e800000| Untracked 
|  43|0x000000070ea00000, 0x000000070ea00000, 0x000000070ec00000|  0%| F|  |TAMS 0x000000070ea00000, 0x000000070ea00000| Untracked 
|  44|0x000000070ec00000, 0x000000070ec00000, 0x000000070ee00000|  0%| F|  |TAMS 0x000000070ec00000, 0x000000070ec00000| Untracked 
|  45|0x000000070ee00000, 0x000000070ee00000, 0x000000070f000000|  0%| F|  |TAMS 0x000000070ee00000, 0x000000070ee00000| Untracked 
|  46|0x000000070f000000, 0x000000070f000000, 0x000000070f200000|  0%| F|  |TAMS 0x000000070f000000, 0x000000070f000000| Untracked 
|  47|0x000000070f200000, 0x000000070f200000, 0x000000070f400000|  0%| F|  |TAMS 0x000000070f200000, 0x000000070f200000| Untracked 
|  48|0x000000070f400000, 0x000000070f400000, 0x000000070f600000|  0%| F|  |TAMS 0x000000070f400000, 0x000000070f400000| Untracked 
|  49|0x000000070f600000, 0x000000070f600000, 0x000000070f800000|  0%| F|  |TAMS 0x000000070f600000, 0x000000070f600000| Untracked 
|  50|0x000000070f800000, 0x000000070f800000, 0x000000070fa00000|  0%| F|  |TAMS 0x000000070f800000, 0x000000070f800000| Untracked 
|  51|0x000000070fa00000, 0x000000070fa00000, 0x000000070fc00000|  0%| F|  |TAMS 0x000000070fa00000, 0x000000070fa00000| Untracked 
|  52|0x000000070fc00000, 0x000000070fc00000, 0x000000070fe00000|  0%| F|  |TAMS 0x000000070fc00000, 0x000000070fc00000| Untracked 
|  53|0x000000070fe00000, 0x000000070fe00000, 0x0000000710000000|  0%| F|  |TAMS 0x000000070fe00000, 0x000000070fe00000| Untracked 
|  54|0x0000000710000000, 0x0000000710000000, 0x0000000710200000|  0%| F|  |TAMS 0x0000000710000000, 0x0000000710000000| Untracked 
|  55|0x0000000710200000, 0x0000000710200000, 0x0000000710400000|  0%| F|  |TAMS 0x0000000710200000, 0x0000000710200000| Untracked 
|  56|0x0000000710400000, 0x0000000710400000, 0x0000000710600000|  0%| F|  |TAMS 0x0000000710400000, 0x0000000710400000| Untracked 
|  57|0x0000000710600000, 0x0000000710600000, 0x0000000710800000|  0%| F|  |TAMS 0x0000000710600000, 0x0000000710600000| Untracked 
|  58|0x0000000710800000, 0x0000000710800000, 0x0000000710a00000|  0%| F|  |TAMS 0x0000000710800000, 0x0000000710800000| Untracked 
|  59|0x0000000710a00000, 0x0000000710a00000, 0x0000000710c00000|  0%| F|  |TAMS 0x0000000710a00000, 0x0000000710a00000| Untracked 
|  60|0x0000000710c00000, 0x0000000710c00000, 0x0000000710e00000|  0%| F|  |TAMS 0x0000000710c00000, 0x0000000710c00000| Untracked 
|  61|0x0000000710e00000, 0x0000000710e00000, 0x0000000711000000|  0%| F|  |TAMS 0x0000000710e00000, 0x0000000710e00000| Untracked 
|  62|0x0000000711000000, 0x0000000711000000, 0x0000000711200000|  0%| F|  |TAMS 0x0000000711000000, 0x0000000711000000| Untracked 
|  63|0x0000000711200000, 0x0000000711200000, 0x0000000711400000|  0%| F|  |TAMS 0x0000000711200000, 0x0000000711200000| Untracked 
|  64|0x0000000711400000, 0x0000000711400000, 0x0000000711600000|  0%| F|  |TAMS 0x0000000711400000, 0x0000000711400000| Untracked 
|  65|0x0000000711600000, 0x0000000711600000, 0x0000000711800000|  0%| F|  |TAMS 0x0000000711600000, 0x0000000711600000| Untracked 
|  66|0x0000000711800000, 0x0000000711800000, 0x0000000711a00000|  0%| F|  |TAMS 0x0000000711800000, 0x0000000711800000| Untracked 
|  67|0x0000000711a00000, 0x0000000711a00000, 0x0000000711c00000|  0%| F|  |TAMS 0x0000000711a00000, 0x0000000711a00000| Untracked 
|  68|0x0000000711c00000, 0x0000000711c00000, 0x0000000711e00000|  0%| F|  |TAMS 0x0000000711c00000, 0x0000000711c00000| Untracked 
|  69|0x0000000711e00000, 0x0000000711e00000, 0x0000000712000000|  0%| F|  |TAMS 0x0000000711e00000, 0x0000000711e00000| Untracked 
|  70|0x0000000712000000, 0x0000000712000000, 0x0000000712200000|  0%| F|  |TAMS 0x0000000712000000, 0x0000000712000000| Untracked 
|  71|0x0000000712200000, 0x0000000712200000, 0x0000000712400000|  0%| F|  |TAMS 0x0000000712200000, 0x0000000712200000| Untracked 
|  72|0x0000000712400000, 0x0000000712400000, 0x0000000712600000|  0%| F|  |TAMS 0x0000000712400000, 0x0000000712400000| Untracked 
|  73|0x0000000712600000, 0x0000000712600000, 0x0000000712800000|  0%| F|  |TAMS 0x0000000712600000, 0x0000000712600000| Untracked 
|  74|0x0000000712800000, 0x0000000712800000, 0x0000000712a00000|  0%| F|  |TAMS 0x0000000712800000, 0x0000000712800000| Untracked 
|  75|0x0000000712a00000, 0x0000000712a00000, 0x0000000712c00000|  0%| F|  |TAMS 0x0000000712a00000, 0x0000000712a00000| Untracked 
|  76|0x0000000712c00000, 0x0000000712c00000, 0x0000000712e00000|  0%| F|  |TAMS 0x0000000712c00000, 0x0000000712c00000| Untracked 
|  77|0x0000000712e00000, 0x0000000712e00000, 0x0000000713000000|  0%| F|  |TAMS 0x0000000712e00000, 0x0000000712e00000| Untracked 
|  78|0x0000000713000000, 0x0000000713000000, 0x0000000713200000|  0%| F|  |TAMS 0x0000000713000000, 0x0000000713000000| Untracked 
|  79|0x0000000713200000, 0x0000000713200000, 0x0000000713400000|  0%| F|  |TAMS 0x0000000713200000, 0x0000000713200000| Untracked 
|  80|0x0000000713400000, 0x0000000713400000, 0x0000000713600000|  0%| F|  |TAMS 0x0000000713400000, 0x0000000713400000| Untracked 
|  81|0x0000000713600000, 0x0000000713600000, 0x0000000713800000|  0%| F|  |TAMS 0x0000000713600000, 0x0000000713600000| Untracked 
|  82|0x0000000713800000, 0x0000000713800000, 0x0000000713a00000|  0%| F|  |TAMS 0x0000000713800000, 0x0000000713800000| Untracked 
|  83|0x0000000713a00000, 0x0000000713a00000, 0x0000000713c00000|  0%| F|  |TAMS 0x0000000713a00000, 0x0000000713a00000| Untracked 
|  84|0x0000000713c00000, 0x0000000713c00000, 0x0000000713e00000|  0%| F|  |TAMS 0x0000000713c00000, 0x0000000713c00000| Untracked 
|  85|0x0000000713e00000, 0x0000000713e00000, 0x0000000714000000|  0%| F|  |TAMS 0x0000000713e00000, 0x0000000713e00000| Untracked 
|  86|0x0000000714000000, 0x0000000714000000, 0x0000000714200000|  0%| F|  |TAMS 0x0000000714000000, 0x0000000714000000| Untracked 
|  87|0x0000000714200000, 0x0000000714200000, 0x0000000714400000|  0%| F|  |TAMS 0x0000000714200000, 0x0000000714200000| Untracked 
|  88|0x0000000714400000, 0x0000000714400000, 0x0000000714600000|  0%| F|  |TAMS 0x0000000714400000, 0x0000000714400000| Untracked 
|  89|0x0000000714600000, 0x0000000714600000, 0x0000000714800000|  0%| F|  |TAMS 0x0000000714600000, 0x0000000714600000| Untracked 
|  90|0x0000000714800000, 0x0000000714800000, 0x0000000714a00000|  0%| F|  |TAMS 0x0000000714800000, 0x0000000714800000| Untracked 
|  91|0x0000000714a00000, 0x0000000714a00000, 0x0000000714c00000|  0%| F|  |TAMS 0x0000000714a00000, 0x0000000714a00000| Untracked 
|  92|0x0000000714c00000, 0x0000000714c00000, 0x0000000714e00000|  0%| F|  |TAMS 0x0000000714c00000, 0x0000000714c00000| Untracked 
|  93|0x0000000714e00000, 0x0000000714e00000, 0x0000000715000000|  0%| F|  |TAMS 0x0000000714e00000, 0x0000000714e00000| Untracked 
|  94|0x0000000715000000, 0x0000000715000000, 0x0000000715200000|  0%| F|  |TAMS 0x0000000715000000, 0x0000000715000000| Untracked 
|  95|0x0000000715200000, 0x0000000715200000, 0x0000000715400000|  0%| F|  |TAMS 0x0000000715200000, 0x0000000715200000| Untracked 
|  96|0x0000000715400000, 0x0000000715400000, 0x0000000715600000|  0%| F|  |TAMS 0x0000000715400000, 0x0000000715400000| Untracked 
|  97|0x0000000715600000, 0x0000000715600000, 0x0000000715800000|  0%| F|  |TAMS 0x0000000715600000, 0x0000000715600000| Untracked 
|  98|0x0000000715800000, 0x0000000715800000, 0x0000000715a00000|  0%| F|  |TAMS 0x0000000715800000, 0x0000000715800000| Untracked 
|  99|0x0000000715a00000, 0x0000000715a00000, 0x0000000715c00000|  0%| F|  |TAMS 0x0000000715a00000, 0x0000000715a00000| Untracked 
| 100|0x0000000715c00000, 0x0000000715c00000, 0x0000000715e00000|  0%| F|  |TAMS 0x0000000715c00000, 0x0000000715c00000| Untracked 
| 101|0x0000000715e00000, 0x0000000715e00000, 0x0000000716000000|  0%| F|  |TAMS 0x0000000715e00000, 0x0000000715e00000| Untracked 
| 102|0x0000000716000000, 0x0000000716000000, 0x0000000716200000|  0%| F|  |TAMS 0x0000000716000000, 0x0000000716000000| Untracked 
| 103|0x0000000716200000, 0x0000000716200000, 0x0000000716400000|  0%| F|  |TAMS 0x0000000716200000, 0x0000000716200000| Untracked 
| 104|0x0000000716400000, 0x0000000716400000, 0x0000000716600000|  0%| F|  |TAMS 0x0000000716400000, 0x0000000716400000| Untracked 
| 105|0x0000000716600000, 0x0000000716600000, 0x0000000716800000|  0%| F|  |TAMS 0x0000000716600000, 0x0000000716600000| Untracked 
| 106|0x0000000716800000, 0x0000000716800000, 0x0000000716a00000|  0%| F|  |TAMS 0x0000000716800000, 0x0000000716800000| Untracked 
| 107|0x0000000716a00000, 0x0000000716a00000, 0x0000000716c00000|  0%| F|  |TAMS 0x0000000716a00000, 0x0000000716a00000| Untracked 
| 108|0x0000000716c00000, 0x0000000716c00000, 0x0000000716e00000|  0%| F|  |TAMS 0x0000000716c00000, 0x0000000716c00000| Untracked 
| 109|0x0000000716e00000, 0x0000000716e00000, 0x0000000717000000|  0%| F|  |TAMS 0x0000000716e00000, 0x0000000716e00000| Untracked 
| 110|0x0000000717000000, 0x0000000717000000, 0x0000000717200000|  0%| F|  |TAMS 0x0000000717000000, 0x0000000717000000| Untracked 
| 111|0x0000000717200000, 0x0000000717200000, 0x0000000717400000|  0%| F|  |TAMS 0x0000000717200000, 0x0000000717200000| Untracked 
| 112|0x0000000717400000, 0x0000000717400000, 0x0000000717600000|  0%| F|  |TAMS 0x0000000717400000, 0x0000000717400000| Untracked 
| 113|0x0000000717600000, 0x0000000717600000, 0x0000000717800000|  0%| F|  |TAMS 0x0000000717600000, 0x0000000717600000| Untracked 
| 114|0x0000000717800000, 0x0000000717800000, 0x0000000717a00000|  0%| F|  |TAMS 0x0000000717800000, 0x0000000717800000| Untracked 
| 115|0x0000000717a00000, 0x0000000717a71260, 0x0000000717c00000| 22%| E|  |TAMS 0x0000000717a00000, 0x0000000717a00000| Complete 
| 116|0x0000000717c00000, 0x0000000717e00000, 0x0000000717e00000|100%| E|CS|TAMS 0x0000000717c00000, 0x0000000717c00000| Complete 
| 117|0x0000000717e00000, 0x0000000718000000, 0x0000000718000000|100%| E|CS|TAMS 0x0000000717e00000, 0x0000000717e00000| Complete 
| 118|0x0000000718000000, 0x0000000718200000, 0x0000000718200000|100%| E|CS|TAMS 0x0000000718000000, 0x0000000718000000| Complete 
| 119|0x0000000718200000, 0x0000000718400000, 0x0000000718400000|100%| E|CS|TAMS 0x0000000718200000, 0x0000000718200000| Complete 
| 120|0x0000000718400000, 0x0000000718600000, 0x0000000718600000|100%| E|CS|TAMS 0x0000000718400000, 0x0000000718400000| Complete 
| 121|0x0000000718600000, 0x0000000718800000, 0x0000000718800000|100%| E|CS|TAMS 0x0000000718600000, 0x0000000718600000| Complete 
| 122|0x0000000718800000, 0x0000000718a00000, 0x0000000718a00000|100%| E|CS|TAMS 0x0000000718800000, 0x0000000718800000| Complete 
| 123|0x0000000718a00000, 0x0000000718c00000, 0x0000000718c00000|100%| E|CS|TAMS 0x0000000718a00000, 0x0000000718a00000| Complete 

Card table byte_map: [0x0000013b2eef0000,0x0000013b2f6b0000] _byte_map_base: 0x0000013b2b6a6000

Marking Bits (Prev, Next): (CMBitMap*) 0x0000013b172ef070, (CMBitMap*) 0x0000013b172ef0b0
 Prev Bits: [0x0000013b2fe70000, 0x0000013b33c20000)
 Next Bits: [0x0000013b33c20000, 0x0000013b379d0000)

Polling page: 0x0000013b15230000

Metaspace:

Usage:
  Non-class:      5.35 MB used.
      Class:    265.48 KB used.
       Both:      5.61 MB used.

Virtual space:
  Non-class space:       64.00 MB reserved,       5.44 MB (  8%) committed,  1 nodes.
      Class space:        1.00 GB reserved,     384.00 KB ( <1%) committed,  1 nodes.
             Both:        1.06 GB reserved,       5.81 MB ( <1%) committed. 

Chunk freelists:
   Non-Class:  128.00 KB
       Class:  3.55 MB
        Both:  3.67 MB

MaxMetaspaceSize: unlimited
CompressedClassSpaceSize: 1.00 GB
Initial GC threshold: 21.00 MB
Current GC threshold: 21.00 MB
CDS: on
MetaspaceReclaimPolicy: balanced
 - commit_granule_bytes: 65536.
 - commit_granule_words: 8192.
 - virtual_space_node_default_size: 8388608.
 - enlarge_chunks_in_place: 1.
 - new_chunks_are_fully_committed: 0.
 - uncommit_free_chunks: 1.
 - use_allocation_guard: 0.


Internal statistics:

num_allocs_failed_limit: 0.
num_arena_births: 88.
num_arena_deaths: 0.
num_vsnodes_births: 2.
num_vsnodes_deaths: 0.
num_space_committed: 91.
num_space_uncommitted: 0.
num_chunks_returned_to_freelist: 0.
num_chunks_taken_from_freelist: 257.
num_chunk_merges: 0.
num_chunk_splits: 179.
num_chunks_enlarged: 139.
num_inconsistent_stats: 0.

CodeHeap 'non-profiled nmethods': size=120000Kb used=287Kb max_used=287Kb free=119712Kb
 bounds [0x0000013b26cb0000, 0x0000013b26f20000, 0x0000013b2e1e0000]
CodeHeap 'profiled nmethods': size=120000Kb used=1724Kb max_used=1724Kb free=118275Kb
 bounds [0x0000013b1f1e0000, 0x0000013b1f450000, 0x0000013b26710000]
CodeHeap 'non-nmethods': size=5760Kb used=1702Kb max_used=1721Kb free=4057Kb
 bounds [0x0000013b26710000, 0x0000013b26980000, 0x0000013b26cb0000]
 total_blobs=1942 nmethods=971 adapters=882
 compilation: enabled
              stopped_count=0, restarted_count=0
 full_count=0

Compilation events (20 events):
Event: 1.173 Thread 0x0000013b3a6675b0 nmethod 963 0x0000013b1f38ca10 code [0x0000013b1f38cc20, 0x0000013b1f38d258]
Event: 1.173 Thread 0x0000013b4089da50  965       4       java.lang.ref.SoftReference::get (29 bytes)
Event: 1.173 Thread 0x0000013b3a6675b0  964       3       java.lang.invoke.MethodHandle::isSafeToCache (14 bytes)
Event: 1.173 Thread 0x0000013b3a6675b0 nmethod 964 0x0000013b1f38d490 code [0x0000013b1f38d640, 0x0000013b1f38d7b8]
Event: 1.173 Thread 0x0000013b3a6675b0  959       3       org.lwjgl.system.Checks::check (17 bytes)
Event: 1.174 Thread 0x0000013b3a6675b0 nmethod 959 0x0000013b1f38d890 code [0x0000013b1f38da40, 0x0000013b1f38dcb8]
Event: 1.174 Thread 0x0000013b3a6675b0  960       3       org.lwjgl.system.CheckIntrinsics::checkIndex (6 bytes)
Event: 1.174 Thread 0x0000013b3a6675b0 nmethod 960 0x0000013b1f38de10 code [0x0000013b1f38dfc0, 0x0000013b1f38e158]
Event: 1.174 Thread 0x0000013b4089da50 nmethod 965 0x0000013b26cf1d90 code [0x0000013b26cf1f20, 0x0000013b26cf2038]
Event: 1.174 Thread 0x0000013b4089da50  967       4       java.lang.invoke.MethodType::hashCode (53 bytes)
Event: 1.176 Thread 0x0000013b4089da50 nmethod 967 0x0000013b26cf2110 code [0x0000013b26cf22c0, 0x0000013b26cf24d8]
Event: 1.176 Thread 0x0000013b4089da50  966       4       java.util.ImmutableCollections$List12::get (35 bytes)
Event: 1.176 Thread 0x0000013b4089da50 nmethod 966 0x0000013b26cf2690 code [0x0000013b26cf2820, 0x0000013b26cf2928]
Event: 1.176 Thread 0x0000013b4089da50  969       4       java.lang.invoke.BoundMethodHandle::<init> (32 bytes)
Event: 1.177 Thread 0x0000013b3a6675b0  971   !   3       jdk.internal.loader.URLClassPath$JarLoader::checkResource (70 bytes)
Event: 1.178 Thread 0x0000013b3a6675b0 nmethod 971 0x0000013b1f38e290 code [0x0000013b1f38e4e0, 0x0000013b1f38ee28]
Event: 1.179 Thread 0x0000013b4089da50 nmethod 969 0x0000013b26cf3010 code [0x0000013b26cf31a0, 0x0000013b26cf35a8]
Event: 1.179 Thread 0x0000013b4089da50  968   !   4       java.lang.ref.NativeReferenceQueue::poll (28 bytes)
Event: 1.179 Thread 0x0000013b4089da50 nmethod 968 0x0000013b26cf3810 code [0x0000013b26cf39a0, 0x0000013b26cf3a38]
Event: 1.179 Thread 0x0000013b4089da50  927       4       java.util.HashMap::put (13 bytes)

GC Heap History (0 events):
No events

Dll operation events (8 events):
Event: 0.017 Loaded shared library C:\Program Files\Java\jdk-19\bin\java.dll
Event: 0.024 Loaded shared library C:\Program Files\Java\jdk-19\bin\jsvml.dll
Event: 0.204 Loaded shared library C:\Program Files\Java\jdk-19\bin\net.dll
Event: 0.205 Loaded shared library C:\Program Files\Java\jdk-19\bin\nio.dll
Event: 0.208 Loaded shared library C:\Program Files\Java\jdk-19\bin\zip.dll
Event: 0.237 Loaded shared library C:\Program Files\Java\jdk-19\bin\jimage.dll
Event: 0.292 Loaded shared library C:\Users\frant\AppData\Local\Temp\lwjglfrant\3.2.3-build-13\lwjgl.dll
Event: 0.957 Loaded shared library C:\Users\frant\AppData\Local\Temp\lwjglfrant\3.2.3-build-13\lwjgl_opengl.dll

Deoptimization events (12 events):
Event: 0.228 Thread 0x0000013b17280cf0 DEOPT PACKING pc=0x0000013b1f1f7f6a sp=0x00000003a84fc150
Event: 0.228 Thread 0x0000013b17280cf0 DEOPT UNPACKING pc=0x0000013b26777543 sp=0x00000003a84fb570 mode 0
Event: 0.241 Thread 0x0000013b17280cf0 Uncommon trap: trap_request=0xffffff45 fr.pc=0x0000013b26cb6988 relative=0x0000000000000068
Event: 0.241 Thread 0x0000013b17280cf0 Uncommon trap: reason=unstable_if action=reinterpret pc=0x0000013b26cb6988 method=java.io.WinNTFileSystem.isSlash(C)Z @ 9 c2
Event: 0.241 Thread 0x0000013b17280cf0 DEOPT PACKING pc=0x0000013b26cb6988 sp=0x00000003a84fe560
Event: 0.241 Thread 0x0000013b17280cf0 DEOPT UNPACKING pc=0x0000013b26776da3 sp=0x00000003a84fe4f8 mode 2
Event: 0.252 Thread 0x0000013b17280cf0 DEOPT PACKING pc=0x0000013b1f1e7dd5 sp=0x00000003a84fabf0
Event: 0.252 Thread 0x0000013b17280cf0 DEOPT UNPACKING pc=0x0000013b26777543 sp=0x00000003a84fa068 mode 0
Event: 0.958 Thread 0x0000013b17280cf0 DEOPT PACKING pc=0x0000013b1f23cd79 sp=0x00000003a84fd6d0
Event: 0.959 Thread 0x0000013b17280cf0 DEOPT UNPACKING pc=0x0000013b26777543 sp=0x00000003a84fcb30 mode 0
Event: 1.134 Thread 0x0000013b17280cf0 DEOPT PACKING pc=0x0000013b1f24fa86 sp=0x00000003a84fe0b0
Event: 1.134 Thread 0x0000013b17280cf0 DEOPT UNPACKING pc=0x0000013b26777543 sp=0x00000003a84fd520 mode 0

Classes loaded (20 events):
Event: 0.323 Loading class jdk/internal/reflect/MethodHandleIntegerFieldAccessorImpl
Event: 0.323 Loading class jdk/internal/reflect/MethodHandleIntegerFieldAccessorImpl done
Event: 0.635 Loading class jdk/internal/foreign/MemorySessionImpl
Event: 0.635 Loading class java/lang/foreign/MemorySession
Event: 0.635 Loading class java/lang/foreign/SegmentAllocator
Event: 0.635 Loading class java/lang/foreign/SegmentAllocator done
Event: 0.635 Loading class java/lang/foreign/MemorySession done
Event: 0.635 Loading class jdk/internal/foreign/MemorySessionImpl done
Event: 0.925 Loading class java/util/StringTokenizer
Event: 0.925 Loading class java/util/StringTokenizer done
Event: 0.941 Loading class jdk/internal/reflect/MethodHandleLongFieldAccessorImpl
Event: 0.941 Loading class jdk/internal/reflect/MethodHandleLongFieldAccessorImpl done
Event: 0.986 Loading class jdk/internal/module/ModulePatcher$PatchedModuleReader
Event: 0.987 Loading class jdk/internal/module/ModulePatcher$PatchedModuleReader done
Event: 0.987 Loading class sun/net/www/protocol/jrt/Handler
Event: 0.987 Loading class sun/net/www/protocol/jrt/Handler done
Event: 0.993 Loading class sun/text/resources/cldr/FormatData_en
Event: 0.993 Loading class sun/text/resources/cldr/FormatData_en done
Event: 0.993 Loading class sun/text/resources/cldr/FormatData_en_US
Event: 0.993 Loading class sun/text/resources/cldr/FormatData_en_US done

Classes unloaded (0 events):
No events

Classes redefined (0 events):
No events

Internal exceptions (20 events):
Event: 0.276 Thread 0x0000013b17280cf0 Exception <a 'java/lang/NoSuchMethodError'{0x0000000718661000}: 'void java.lang.System.loadLibrary(java.lang.String, java.lang.Class)'> (0x0000000718661000) 
thrown [s\open\src\hotspot\share\interpreter\linkResolver.cpp, line 774]
Event: 0.295 Thread 0x0000013b17280cf0 Exception <a 'sun/nio/fs/WindowsException'{0x00000007186915d0}> (0x00000007186915d0) 
thrown [s\open\src\hotspot\share\prims\jni.cpp, line 517]
Event: 0.295 Thread 0x0000013b17280cf0 Exception <a 'sun/nio/fs/WindowsException'{0x0000000718691b28}> (0x0000000718691b28) 
thrown [s\open\src\hotspot\share\prims\jni.cpp, line 517]
Event: 0.319 Thread 0x0000013b17280cf0 Exception <a 'sun/nio/fs/WindowsException'{0x0000000718753b28}> (0x0000000718753b28) 
thrown [s\open\src\hotspot\share\prims\jni.cpp, line 517]
Event: 0.319 Thread 0x0000013b17280cf0 Exception <a 'sun/nio/fs/WindowsException'{0x0000000718753e98}> (0x0000000718753e98) 
thrown [s\open\src\hotspot\share\prims\jni.cpp, line 517]
Event: 0.323 Thread 0x0000013b17280cf0 Exception <a 'java/lang/NoSuchMethodError'{0x00000007187671f0}: 'int java.lang.invoke.Invokers$Holder.invokeExact_MT(java.lang.Object, java.lang.Object)'> (0x00000007187671f0) 
thrown [s\open\src\hotspot\share\interpreter\linkResolver.cpp, line 774]
Event: 0.609 Thread 0x0000013b17280cf0 Exception <a 'java/lang/NoSuchMethodError'{0x00000007187db448}: 'void java.lang.invoke.DirectMethodHandle$Holder.invokeStaticInit(java.lang.Object, long, double, double)'> (0x00000007187db448) 
thrown [s\open\src\hotspot\share\interpreter\linkResolver.cpp, line 774]
Event: 0.613 Thread 0x0000013b17280cf0 Exception <a 'java/lang/NoSuchMethodError'{0x00000007187ea150}: 'void java.lang.invoke.DirectMethodHandle$Holder.invokeStaticInit(java.lang.Object, long, int, int, int)'> (0x00000007187ea150) 
thrown [s\open\src\hotspot\share\interpreter\linkResolver.cpp, line 774]
Event: 0.619 Thread 0x0000013b17280cf0 Exception <a 'java/lang/NoSuchMethodError'{0x00000007184021c0}: 'void java.lang.invoke.DirectMethodHandle$Holder.invokeStaticInit(java.lang.Object, long, int, int, int, int)'> (0x00000007184021c0) 
thrown [s\open\src\hotspot\share\interpreter\linkResolver.cpp, line 774]
Event: 0.622 Thread 0x0000013b17280cf0 Exception <a 'java/lang/NoSuchMethodError'{0x000000071840d890}: 'void java.lang.invoke.DirectMethodHandle$Holder.invokeStatic(java.lang.Object, long, int, int)'> (0x000000071840d890) 
thrown [s\open\src\hotspot\share\interpreter\linkResolver.cpp, line 774]
Event: 0.637 Thread 0x0000013b17280cf0 Exception <a 'sun/nio/fs/WindowsException'{0x000000071843ddc8}> (0x000000071843ddc8) 
thrown [s\open\src\hotspot\share\prims\jni.cpp, line 517]
Event: 0.637 Thread 0x0000013b17280cf0 Exception <a 'sun/nio/fs/WindowsException'{0x000000071843e150}> (0x000000071843e150) 
thrown [s\open\src\hotspot\share\prims\jni.cpp, line 517]
Event: 0.941 Thread 0x0000013b17280cf0 Exception <a 'java/lang/NoSuchMethodError'{0x00000007184fca10}: 'long java.lang.invoke.DelegatingMethodHandle$Holder.reinvoke_L(java.lang.Object, java.lang.Object)'> (0x00000007184fca10) 
thrown [s\open\src\hotspot\share\interpreter\linkResolver.cpp, line 774]
Event: 0.942 Thread 0x0000013b17280cf0 Exception <a 'java/lang/NoSuchMethodError'{0x0000000718503430}: 'long java.lang.invoke.Invokers$Holder.invokeExact_MT(java.lang.Object, java.lang.Object, java.lang.Object)'> (0x0000000718503430) 
thrown [s\open\src\hotspot\share\interpreter\linkResolver.cpp, line 774]
Event: 0.951 Thread 0x0000013b17280cf0 Exception <a 'java/lang/NoSuchMethodError'{0x000000071853a990}: 'void java.lang.System.load(java.lang.String, java.lang.Class)'> (0x000000071853a990) 
thrown [s\open\src\hotspot\share\interpreter\linkResolver.cpp, line 774]
Event: 0.952 Thread 0x0000013b17280cf0 Exception <a 'java/lang/NoSuchMethodError'{0x000000071853d798}: 'void java.lang.System.loadLibrary(java.lang.String, java.lang.Class)'> (0x000000071853d798) 
thrown [s\open\src\hotspot\share\interpreter\linkResolver.cpp, line 774]
Event: 0.956 Thread 0x0000013b17280cf0 Exception <a 'sun/nio/fs/WindowsException'{0x000000071854d788}> (0x000000071854d788) 
thrown [s\open\src\hotspot\share\prims\jni.cpp, line 517]
Event: 0.956 Thread 0x0000013b17280cf0 Exception <a 'sun/nio/fs/WindowsException'{0x000000071854db38}> (0x000000071854db38) 
thrown [s\open\src\hotspot\share\prims\jni.cpp, line 517]
Event: 0.960 Thread 0x0000013b17280cf0 Exception <a 'sun/nio/fs/WindowsException'{0x0000000718554ef0}> (0x0000000718554ef0) 
thrown [s\open\src\hotspot\share\prims\jni.cpp, line 517]
Event: 0.960 Thread 0x0000013b17280cf0 Exception <a 'sun/nio/fs/WindowsException'{0x00000007185551d8}> (0x00000007185551d8) 
thrown [s\open\src\hotspot\share\prims\jni.cpp, line 517]

VM Operations (6 events):
Event: 0.077 Executing VM operation: ChangeBreakpoints
Event: 0.077 Executing VM operation: ChangeBreakpoints done
Event: 0.212 Executing VM operation: HandshakeAllThreads
Event: 0.212 Executing VM operation: HandshakeAllThreads done
Event: 0.295 Executing VM operation: HandshakeAllThreads
Event: 0.295 Executing VM operation: HandshakeAllThreads done

Events (16 events):
Event: 0.024 Thread 0x0000013b17280cf0 Thread added: 0x0000013b17280cf0
Event: 0.034 Thread 0x0000013b3a6306e0 Thread added: 0x0000013b3a6306e0
Event: 0.034 Thread 0x0000013b3a635030 Thread added: 0x0000013b3a635030
Event: 0.035 Thread 0x0000013b3a635960 Thread added: 0x0000013b3a635960
Event: 0.035 Thread 0x0000013b3a6382a0 Thread added: 0x0000013b3a6382a0
Event: 0.035 Thread 0x0000013b3a63cbe0 Thread added: 0x0000013b3a63cbe0
Event: 0.035 Thread 0x0000013b3a641b40 Thread added: 0x0000013b3a641b40
Event: 0.035 Thread 0x0000013b3a663530 Thread added: 0x0000013b3a663530
Event: 0.035 Thread 0x0000013b3a6675b0 Thread added: 0x0000013b3a6675b0
Event: 0.035 Thread 0x0000013b3e808090 Thread added: 0x0000013b3e808090
Event: 0.076 Thread 0x0000013b3e94b840 Thread added: 0x0000013b3e94b840
Event: 0.077 Thread 0x0000013b3e9545f0 Thread added: 0x0000013b3e9545f0
Event: 0.077 Thread 0x0000013b3e956b50 Thread added: 0x0000013b3e956b50
Event: 0.184 Thread 0x0000013b3e967340 Thread added: 0x0000013b3e967340
Event: 0.190 Thread 0x0000013b3e965e00 Thread added: 0x0000013b3e965e00
Event: 1.169 Thread 0x0000013b4089da50 Thread added: 0x0000013b4089da50


Dynamic libraries:
0x00007ff64ffb0000 - 0x00007ff64ffc0000 	C:\Program Files\Java\jdk-19\bin\java.exe
0x00007ffc25d10000 - 0x00007ffc25f24000 	C:\WINDOWS\SYSTEM32\ntdll.dll
0x00007ffc24bd0000 - 0x00007ffc24c93000 	C:\WINDOWS\System32\KERNEL32.DLL
0x00007ffc235c0000 - 0x00007ffc2395c000 	C:\WINDOWS\System32\KERNELBASE.dll
0x00007ffc23400000 - 0x00007ffc23511000 	C:\WINDOWS\System32\ucrtbase.dll
0x00007ffbeb8a0000 - 0x00007ffbeb8b8000 	C:\Program Files\Java\jdk-19\bin\jli.dll
0x00007ffc252b0000 - 0x00007ffc2535e000 	C:\WINDOWS\System32\ADVAPI32.dll
0x00007ffbe67c0000 - 0x00007ffbe67db000 	C:\Program Files\Java\jdk-19\bin\VCRUNTIME140.dll
0x00007ffc247a0000 - 0x00007ffc24847000 	C:\WINDOWS\System32\msvcrt.dll
0x00007ffc24e60000 - 0x00007ffc24f04000 	C:\WINDOWS\System32\sechost.dll
0x00007ffc25510000 - 0x00007ffc25625000 	C:\WINDOWS\System32\RPCRT4.dll
0x00007ffc245f0000 - 0x00007ffc2479d000 	C:\WINDOWS\System32\USER32.dll
0x00007ffc23a80000 - 0x00007ffc23aa6000 	C:\WINDOWS\System32\win32u.dll
0x00007ffc24b30000 - 0x00007ffc24b59000 	C:\WINDOWS\System32\GDI32.dll
0x00007ffc126f0000 - 0x00007ffc1297e000 	C:\WINDOWS\WinSxS\amd64_microsoft.windows.common-controls_6595b64144ccf1df_6.0.22621.608_none_a9444ca7c10bb01d\COMCTL32.dll
0x00007ffc23960000 - 0x00007ffc23a73000 	C:\WINDOWS\System32\gdi32full.dll
0x00007ffc23520000 - 0x00007ffc235ba000 	C:\WINDOWS\System32\msvcp_win.dll
0x00007ffc1bc90000 - 0x00007ffc1bc9a000 	C:\WINDOWS\SYSTEM32\VERSION.dll
0x00007ffc23b20000 - 0x00007ffc23b51000 	C:\WINDOWS\System32\IMM32.DLL
0x00007ffbffd40000 - 0x00007ffbffd4c000 	C:\Program Files\Java\jdk-19\bin\vcruntime140_1.dll
0x00007ffbc75b0000 - 0x00007ffbc763e000 	C:\Program Files\Java\jdk-19\bin\msvcp140.dll
0x00007ffbb92d0000 - 0x00007ffbb9f90000 	C:\Program Files\Java\jdk-19\bin\server\jvm.dll
0x00007ffc1f080000 - 0x00007ffc1f089000 	C:\WINDOWS\SYSTEM32\WSOCK32.dll
0x00007ffc24a30000 - 0x00007ffc24aa1000 	C:\WINDOWS\System32\WS2_32.dll
0x00007ffc1c3b0000 - 0x00007ffc1c3e4000 	C:\WINDOWS\SYSTEM32\WINMM.dll
0x00007ffc221a0000 - 0x00007ffc221b8000 	C:\WINDOWS\SYSTEM32\kernel.appcore.dll
0x00007ffbfc360000 - 0x00007ffbfc36a000 	C:\Program Files\Java\jdk-19\bin\jimage.dll
0x00007ffc19ee0000 - 0x00007ffc1a10e000 	C:\WINDOWS\SYSTEM32\DBGHELP.DLL
0x00007ffc24f20000 - 0x00007ffc252a9000 	C:\WINDOWS\System32\combase.dll
0x00007ffc24510000 - 0x00007ffc245e7000 	C:\WINDOWS\System32\OLEAUT32.dll
0x00007ffc0cd90000 - 0x00007ffc0cdc2000 	C:\WINDOWS\SYSTEM32\dbgcore.DLL
0x00007ffc23380000 - 0x00007ffc233fb000 	C:\WINDOWS\System32\bcryptPrimitives.dll
0x00007ffbef530000 - 0x00007ffbef56c000 	C:\Program Files\Java\jdk-19\bin\jdwp.dll
0x00007ffbcf1e0000 - 0x00007ffbcf206000 	C:\Program Files\Java\jdk-19\bin\java.dll
0x00007ffbc74d0000 - 0x00007ffbc75a7000 	C:\Program Files\Java\jdk-19\bin\jsvml.dll
0x00007ffc23c20000 - 0x00007ffc24410000 	C:\WINDOWS\System32\SHELL32.dll
0x00007ffc21160000 - 0x00007ffc21a2e000 	C:\WINDOWS\SYSTEM32\windows.storage.dll
0x00007ffc21020000 - 0x00007ffc2115e000 	C:\WINDOWS\SYSTEM32\wintypes.dll
0x00007ffc24410000 - 0x00007ffc24501000 	C:\WINDOWS\System32\SHCORE.dll
0x00007ffc25c70000 - 0x00007ffc25cce000 	C:\WINDOWS\System32\shlwapi.dll
0x00007ffc23080000 - 0x00007ffc230a1000 	C:\WINDOWS\SYSTEM32\profapi.dll
0x00007ffbfb7e0000 - 0x00007ffbfb7ec000 	C:\Program Files\Java\jdk-19\bin\dt_socket.dll
0x00007ffc21c80000 - 0x00007ffc21cad000 	C:\WINDOWS\SYSTEM32\IPHLPAPI.DLL
0x00007ffc22610000 - 0x00007ffc22679000 	C:\WINDOWS\system32\mswsock.dll
0x00007ffbc8780000 - 0x00007ffbc8793000 	C:\Program Files\Java\jdk-19\bin\net.dll
0x00007ffc1bb60000 - 0x00007ffc1bc8f000 	C:\WINDOWS\SYSTEM32\WINHTTP.dll
0x00007ffbc8690000 - 0x00007ffbc86a6000 	C:\Program Files\Java\jdk-19\bin\nio.dll
0x00007ffbc74b0000 - 0x00007ffbc74c8000 	C:\Program Files\Java\jdk-19\bin\zip.dll
0x00007ffbd5840000 - 0x00007ffbd58a4000 	C:\Users\frant\AppData\Local\Temp\lwjglfrant\3.2.3-build-13\lwjgl.dll
0x00007ffbd57d0000 - 0x00007ffbd5832000 	C:\Users\frant\AppData\Local\Temp\lwjglfrant\3.2.3-build-13\glfw.dll
0x00007ffc20770000 - 0x00007ffc2081b000 	C:\WINDOWS\system32\uxtheme.dll
0x00007ffbcf260000 - 0x00007ffbcf2a6000 	C:\WINDOWS\SYSTEM32\dinput8.dll
0x00007ffbef510000 - 0x00007ffbef521000 	C:\WINDOWS\SYSTEM32\xinput1_4.dll
0x00007ffc22d20000 - 0x00007ffc22d4c000 	C:\WINDOWS\SYSTEM32\DEVOBJ.dll
0x00007ffc22d50000 - 0x00007ffc22d9e000 	C:\WINDOWS\SYSTEM32\cfgmgr32.dll
0x00007ffc20ab0000 - 0x00007ffc20adb000 	C:\WINDOWS\SYSTEM32\dwmapi.dll
0x00007ffc157a0000 - 0x00007ffc159a1000 	C:\WINDOWS\SYSTEM32\inputhost.dll
0x00007ffc1fd80000 - 0x00007ffc1feb3000 	C:\WINDOWS\SYSTEM32\CoreMessaging.dll
0x00007ffc24ca0000 - 0x00007ffc24dbe000 	C:\WINDOWS\System32\MSCTF.dll
0x00007ffc22870000 - 0x00007ffc2287c000 	C:\WINDOWS\SYSTEM32\CRYPTBASE.DLL
0x00007ffc21a30000 - 0x00007ffc21a3e000 	C:\WINDOWS\SYSTEM32\HID.DLL
0x00007ffc257f0000 - 0x00007ffc25c64000 	C:\WINDOWS\System32\SETUPAPI.DLL
0x00007ffc23ab0000 - 0x00007ffc23b1b000 	C:\WINDOWS\System32\WINTRUST.dll
0x00007ffc23150000 - 0x00007ffc232b6000 	C:\WINDOWS\System32\CRYPT32.dll
0x00007ffc228d0000 - 0x00007ffc228e2000 	C:\WINDOWS\SYSTEM32\MSASN1.dll
0x00007ffbcc710000 - 0x00007ffbcc810000 	C:\WINDOWS\SYSTEM32\opengl32.dll
0x00007ffbcc6c0000 - 0x00007ffbcc6ed000 	C:\WINDOWS\SYSTEM32\GLU32.dll
0x00007ffc20870000 - 0x00007ffc208a6000 	C:\WINDOWS\SYSTEM32\dxcore.dll
0x00007ffc1c6b0000 - 0x00007ffc1c6f9000 	C:\WINDOWS\SYSTEM32\directxdatabasehelper.dll
0x00007ffc25360000 - 0x00007ffc25410000 	C:\WINDOWS\System32\clbcatq.dll
0x00007ffbc6eb0000 - 0x00007ffbc6eda000 	C:\WINDOWS\System32\DriverStore\FileRepository\u0362957.inf_amd64_47170f5efa6cd04e\B362672\atig6pxx.dll
0x00007ffb9f2e0000 - 0x00007ffba1fc7000 	C:\WINDOWS\System32\DriverStore\FileRepository\u0362957.inf_amd64_47170f5efa6cd04e\B362672\atio6axx.dll
0x00007ffc25650000 - 0x00007ffc257ec000 	C:\WINDOWS\System32\ole32.dll
0x00007ffbd60c0000 - 0x00007ffbd60e5000 	C:\WINDOWS\SYSTEM32\dxva2.dll
0x00007ffbc6ee0000 - 0x00007ffbc6f1c000 	C:\WINDOWS\System32\DriverStore\FileRepository\u0362957.inf_amd64_47170f5efa6cd04e\B362672\atig6txx.dll
0x00007ffbe16f0000 - 0x00007ffbe18a9000 	C:\WINDOWS\SYSTEM32\atiadlxx.dll
0x00007ffc24f10000 - 0x00007ffc24f18000 	C:\WINDOWS\System32\PSAPI.DLL
0x00007ffc1e3f0000 - 0x00007ffc1e4f0000 	C:\WINDOWS\SYSTEM32\PROPSYS.dll
0x00007ffc061e0000 - 0x00007ffc0630e000 	C:\WINDOWS\SYSTEM32\textinputframework.dll
0x00007ffc1b7f0000 - 0x00007ffc1bb5c000 	C:\WINDOWS\SYSTEM32\CoreUIComponents.dll
0x00007ffbcf0b0000 - 0x00007ffbcf1bb000 	C:\Users\frant\AppData\Local\Temp\lwjglfrant\3.2.3-build-13\OpenAL.dll
0x00007ffc15a00000 - 0x00007ffc15a9d000 	C:\WINDOWS\System32\MMDevApi.dll
0x00007ffc11f70000 - 0x00007ffc12155000 	C:\WINDOWS\SYSTEM32\AUDIOSES.DLL
0x00007ffc20d00000 - 0x00007ffc20d15000 	C:\WINDOWS\SYSTEM32\resourcepolicyclient.dll
0x00007ffc23020000 - 0x00007ffc2306d000 	C:\WINDOWS\SYSTEM32\powrprof.dll
0x00007ffc23000000 - 0x00007ffc23013000 	C:\WINDOWS\SYSTEM32\UMPDC.dll
0x00007ffbcf050000 - 0x00007ffbcf0a9000 	C:\Users\frant\AppData\Local\Temp\lwjglfrant\3.2.3-build-13\lwjgl_opengl.dll

dbghelp: loaded successfully - version: 4.0.5 - missing functions: none
symbol engine: initialized successfully - sym options: 0x614 - pdb path: .;C:\Program Files\Java\jdk-19\bin;C:\WINDOWS\SYSTEM32;C:\WINDOWS\WinSxS\amd64_microsoft.windows.common-controls_6595b64144ccf1df_6.0.22621.608_none_a9444ca7c10bb01d;C:\Program Files\Java\jdk-19\bin\server;C:\Users\frant\AppData\Local\Temp\lwjglfrant\3.2.3-build-13;C:\WINDOWS\System32\DriverStore\FileRepository\u0362957.inf_amd64_47170f5efa6cd04e\B362672

VM Arguments:
jvm_args: -agentlib:jdwp=transport=dt_socket,server=n,suspend=y,address=127.0.0.1:64850 -Dfile.encoding=windows-1252 -Duser.country=US -Duser.language=en -Duser.variant 
java_command: Main
java_class_path (initial): C:\Users\frant\OneDrive\GitHub\Pillager\build\classes\java\main;C:\Users\frant\OneDrive\GitHub\Pillager\build\resources\main;C:\Users\frant\.gradle\caches\modules-2\files-2.1\junit\junit\4.12\2973d150c0dc1fefe998f834810d68f278ea58ec\junit-4.12.jar;C:\Users\frant\OneDrive\GitHub\Pillager\libs\jbox2d-library.jar;C:\Users\frant\.gradle\caches\modules-2\files-2.1\com.google.code.gson\gson\2.8.6\9180733b7df8542621dc12e21e87557e8c99b8cb\gson-2.8.6.jar;C:\Users\frant\.gradle\caches\modules-2\files-2.1\io.github.spair\imgui-java-app\1.81.0\37a0be053a63da53c3628b3d6186ccbd380f7106\imgui-java-app-1.81.0.jar;C:\Users\frant\.gradle\caches\modules-2\files-2.1\io.github.spair\imgui-java-lwjgl3\1.81.0\6c92680fc6e9951532445ecc35b44f2d4cd82d76\imgui-java-lwjgl3-1.81.0.jar;C:\Users\frant\.gradle\caches\modules-2\files-2.1\org.lwjgl\lwjgl-assimp\3.2.3\f62aa07a20afbdd3097efc296c4841e0d29700eb\lwjgl-assimp-3.2.3.jar;C:\Users\frant\.gradle\caches\modules-2\files-2.1\org.lwjgl\lwjgl-assimp\3.2.3\4e60aeb75f0343c4a9ede4ef8b6b32ca702a00a3\lwjgl-assimp-3.2.3-natives-windows.jar;C:\Users\frant\.gradle\caches\modules-2\files-2.1\org.lwjgl\lwjgl-glfw\3.2.3\5e520d5c290c8b012545a8d34fa5db5ab051ea53\lwjgl-glfw-3.2.3.jar;C:\Users\frant\.gradle\caches\modules-2\files-2.1\org.lwjgl\lwjgl-glfw\3.2.3\b4d8a3477cdc2edcf7a5f1e822926be846223f54\lwjgl-glfw-3.2.3-natives-windows.jar;C:\Users\frant\.gradle\caches\modules-2\files-2.1\org.lwjgl\lwjgl-glfw\3.2.3\62b044d9b0a057444bef2ab70b9afc288ec09dba\lwjgl-glfw-3.2.3-natives-linux.jar;C:\Users\frant\.gradle\caches\modules-2\files-2.1\org.lwjgl\lwjgl-glfw\3.2.3\58661272eacb9116336c88b4aadccf1f17c09b\lwjgl-glfw-3.2.3-natives-macos.jar;C:\Users\frant\.gradle\caches\modules-2\files-2.1\org.lwjgl\lwjgl-nfd\3.2.3\c44fee1043c022cf6614a28872d44cf114ca7737\lwjgl-nfd-3.2.3.jar;C:\Users\frant\.gradle\caches\modules-2\files-2.1\org.lwjgl\lwjgl-nfd\3.2.3\32782f5f5c57769efb82af864e70b819c77bc891\lwjgl-nfd-3.2.3-natives-windows.jar;C:\Users\frant\.gradle\caches\modules-2\files-2.1\org.lwjgl\lwjgl-openal\3.2.3\106742e805803ab9eab8e343f0fb31a3d263903c\lwjgl-openal-3.2.3.jar;C:\Users\frant\.gradle\caches\modules-2\files-2.1\org.lwjgl\lwjgl-openal\3.2.3\ec898e8ce11b5886f4f532a1536283ef2817758d\lwjgl-openal-3.2.3-natives-windows.jar;C:\Users\frant\.gradle\caches\modules-2\files-2.1\org.lwjgl\lwjgl-opengl\3.2.3\bdd534a323d0c8f54969b95e424b6ac8984f7d6e\lwjgl-opengl-3.2.3.jar;C:\Users\frant\.gradle\caches\modules-2\files-2.1\org.lwjgl\lwjgl-opengl\3.2.3\e81cfc73ec8708e5e791ed770e4ec3edfc1bbab1\lwjgl-opengl-3.2.3-natives-windows.jar;C:\Users\frant\.gradle\caches\modules-2\files-2.1\org.lwjgl\lwjgl-opengl\3.2.3\7f14db5da9aa7951efe88993f519d7d38ad6e46b\lwjgl-opengl-3.2.3-natives-linux.jar;C:\Users\frant\.gradle\caches\modules-2\files-2.1\org.lwjgl\lwjgl-opengl\3.2.3\efa3326c11336d3e74c9c8aeceb2420328d28e6b\lwjgl-opengl-3.2.3-natives-macos.jar;C:\Users\frant\.gradle\caches\modules-2\files-2.1\org.lwjgl\lwjgl-stb\3.2.3\40eccaa4fa86fc815f2e17946a392fb5fdcc286a\lwjgl-stb-3.2.3.jar;C:\Users\frant\.gradle\caches\modules-2\files-2.1\org.lwjgl\lwjgl-stb\3.2.3\817b21ec286f0ba3dcedb56a3bd275e6a9345be9\lwjgl-stb-3.2.3-natives-windows.jar;C:\Users\frant\.gradle\caches\modules-2\files-2.1\org.lwjgl\lwjgl\3.2.3\17a59ba0fe8d474ec9dbe0d5db40d2cfe59c4c08\lwjgl-3.2.3.jar;C:\Users\frant\.gradle\caches\modules-2\files-2.1\org.lwjgl\lwjgl\3.2.3\27f32cd35349684745951e04388e8e00d681cdcd\lwjgl-3.2.3-natives-windows.jar;C:\Users\frant\.gradle\caches\modules-2\files-2.1\org.lwjgl\lwjgl\3.2.3\3d9d36c93446c7a1c90bc7aec8fa89c7988bf82b\lwjgl-3.2.3-natives-linux.jar;C:\Users\frant\.gradle\caches\modules-2\files-2.1\org.lwjgl\lwjgl\3.2.3\35f506c5d368017a3cc5590da3d6d3a0760fb606\lwjgl-3.2.3-natives-macos.jar;C:\Users\frant\.gradle\caches\modules-2\files-2.1\org.joml\joml\1.9.23\2fe75c084b2c8b82dbf7106f46b9cdc444785acf\joml-1.9.23.jar;C:\Users\frant\.gradle\caches\modules-2\files-2.1\org.hamcrest\hamcrest-core\1.3\42a25dc3219429f0e5d060061f71acb49bf010a0\hamcrest-core-1.3.jar;C:\Users\frant\.gradle\caches\modules-2\files-2.1\io.github.spair\imgui-java-binding\1.81.0\aa24c1101600b47d2f562ad3c8987b14e79e5d0d\imgui-java-binding-1.81.0.jar
Launcher Type: SUN_STANDARD

[Global flags]
     intx CICompilerCount                          = 4                                         {product} {ergonomic}
     uint ConcGCThreads                            = 3                                         {product} {ergonomic}
     uint G1ConcRefinementThreads                  = 10                                        {product} {ergonomic}
   size_t G1HeapRegionSize                         = 2097152                                   {product} {ergonomic}
    uintx GCDrainStackTargetSize                   = 64                                        {product} {ergonomic}
   size_t InitialHeapSize                          = 260046848                                 {product} {ergonomic}
   size_t MarkStackSize                            = 4194304                                   {product} {ergonomic}
   size_t MaxHeapSize                              = 4139778048                                {product} {ergonomic}
   size_t MaxNewSize                               = 2483027968                                {product} {ergonomic}
   size_t MinHeapDeltaBytes                        = 2097152                                   {product} {ergonomic}
   size_t MinHeapSize                              = 8388608                                   {product} {ergonomic}
    uintx NonNMethodCodeHeapSize                   = 5839372                                {pd product} {ergonomic}
    uintx NonProfiledCodeHeapSize                  = 122909434                              {pd product} {ergonomic}
    uintx ProfiledCodeHeapSize                     = 122909434                              {pd product} {ergonomic}
    uintx ReservedCodeCacheSize                    = 251658240                              {pd product} {ergonomic}
     bool SegmentedCodeCache                       = true                                      {product} {ergonomic}
   size_t SoftMaxHeapSize                          = 4139778048                             {manageable} {ergonomic}
     bool UseCompressedClassPointers               = true                           {product lp64_product} {ergonomic}
     bool UseCompressedOops                        = true                           {product lp64_product} {ergonomic}
     bool UseG1GC                                  = true                                      {product} {ergonomic}
     bool UseLargePagesIndividualAllocation        = false                                  {pd product} {ergonomic}

Logging:
Log output configuration:
 #0: stdout all=warning uptime,level,tags foldmultilines=false
 #1: stderr all=off uptime,level,tags foldmultilines=false

Environment Variables:
JAVA_HOME=C:\Program Files\Eclipse Adoptium\jdk-17.0.5.8-hotspot\
PATH=C:\Program Files\Common Files\Oracle\Java\javapath;C:\Program Files\Eclipse Adoptium\jdk-17.0.5.8-hotspot\bin;C:\Windows\system32;C:\Windows;C:\Windows\System32\Wbem;C:\Windows\System32\WindowsPowerShell\v1.0\;C:\Windows\System32\OpenSSH\;C:\WINDOWS\system32;C:\WINDOWS;C:\WINDOWS\System32\Wbem;C:\WINDOWS\System32\WindowsPowerShell\v1.0\;C:\WINDOWS\System32\OpenSSH\;C:\Gradle\gradle-8.0.2\bin;C:\Program Files\Git\cmd;C:\Users\frant\AppData\Local\Microsoft\WindowsApps;C:\Program Files\JetBrains\IntelliJ IDEA 2022.3.1\bin;;C:\Users\frant\AppData\Local\GitHubDesktop\bin;
USERNAME=frant
OS=Windows_NT
PROCESSOR_IDENTIFIER=AMD64 Family 23 Model 96 Stepping 1, AuthenticAMD
TMP=C:\Users\frant\AppData\Local\Temp
TEMP=C:\Users\frant\AppData\Local\Temp



---------------  S Y S T E M  ---------------

OS:
 Windows 11 , 64 bit Build 22621 (10.0.22621.1344)
OS uptime: 16 days 17:13 hours

CPU: total 12 (initial active 12) (12 cores per cpu, 2 threads per core) family 23 model 96 stepping 1 microcode 0x0, cx8, cmov, fxsr, ht, mmx, 3dnowpref, sse, sse2, sse3, ssse3, sse4a, sse4.1, sse4.2, popcnt, lzcnt, tsc, tscinvbit, avx, avx2, aes, clmul, bmi1, bmi2, adx, sha, fma, vzeroupper, clflush, clflushopt, rdtscp, rdpid

Memory: 4k page, system-wide physical 15791M (6399M free)
TotalPageFile size 24816M (AvailPageFile size 10819M)
current process WorkingSet (physical memory assigned to process): 109M, peak: 109M
current process commit charge ("private bytes"): 452M, peak: 452M

vm_info: Java HotSpot(TM) 64-Bit Server VM (19.0.2+7-44) for windows-amd64 JRE (19.0.2+7-44), built on 2022-11-30T18:02:09Z by "mach5one" with MS VC++ 17.1 (VS2022)

END.
